<?xml version="1.0" encoding="UTF-8"?>
<!-- Generated by org.testng.reporters.JUnitReportReporter -->
<testsuite skipped="0" hostname="SAJIDs-MBP.fios-router.home" name="com.tests.OrangeHRMTest" tests="3" failures="0" timestamp="2021-06-27T01:28:18 EDT" time="9.007" errors="0">
  <testcase name="sampleCase" time="2.378" classname="com.tests.OrangeHRMTest"/>
  <system-out/>
  <testcase name="loginPageTest" time="2.760" classname="com.tests.OrangeHRMTest"/>
  <system-out/>
  <testcase name="loginTest" time="3.869" classname="com.tests.OrangeHRMTest"/>
  <system-out/>
</testsuite> <!-- com.tests.OrangeHRMTest -->
